# JRE version: Java(TM) SE Runtime Environment (8.0_91-b15) (build 1.8.0_91-b15)
# Java VM: Java HotSpot(TM) Client VM (25.91-b15 mixed mode windows-x86 )
Heap:
 def new generation   total 9216K, used 1009K [0x04800000, 0x05200000, 0x19d50000)
  eden space 8192K,  12% used [0x04800000, 0x048fc4f8, 0x05000000)
  from space 1024K,   0% used [0x05000000, 0x05000000, 0x05100000)
  to   space 1024K,   0% used [0x05100000, 0x05100000, 0x05200000)
 tenured generation   total 20368K, used 12219K [0x19d50000, 0x1b134000, 0x44800000)
   the space 20368K,  59% used [0x19d50000, 0x1a93eea0, 0x1a93f000, 0x1b134000)
 Metaspace       used 2406K, capacity 2534K, committed 2624K, reserved 4480K
GC Heap History (10 events):
Event: 0.140 GC heap before
{Heap before GC invocations=0 (full 0):
 def new generation   total 4928K, used 4248K [0x04800000, 0x04d50000, 0x19d50000)
  eden space 4416K,  96% used [0x04800000, 0x04c260b8, 0x04c50000)
  from space 512K,   0% used [0x04c50000, 0x04c50000, 0x04cd0000)
  to   space 512K,   0% used [0x04cd0000, 0x04cd0000, 0x04d50000)
 tenured generation   total 10944K, used 0K [0x19d50000, 0x1a800000, 0x44800000)
   the space 10944K,   0% used [0x19d50000, 0x19d50000, 0x19d50200, 0x1a800000)
 Metaspace       used 2264K, capacity 2406K, committed 2496K, reserved 4480K
Event: 0.143 GC heap after
Heap after GC invocations=1 (full 0):
 def new generation   total 4928K, used 512K [0x04800000, 0x04d50000, 0x19d50000)
  eden space 4416K,   0% used [0x04800000, 0x04800000, 0x04c50000)
  from space 512K, 100% used [0x04cd0000, 0x04d50000, 0x04d50000)
  to   space 512K,   0% used [0x04c50000, 0x04c50000, 0x04cd0000)
 tenured generation   total 10944K, used 1309K [0x19d50000, 0x1a800000, 0x44800000)
   the space 10944K,  11% used [0x19d50000, 0x19e97438, 0x19e97600, 0x1a800000)
 Metaspace       used 2264K, capacity 2406K, committed 2496K, reserved 4480K
}
Event: 0.158 GC heap before
{Heap before GC invocations=1 (full 0):
 def new generation   total 4928K, used 4882K [0x04800000, 0x04d50000, 0x19d50000)
  eden space 4416K,  98% used [0x04800000, 0x04c44b78, 0x04c50000)
  from space 512K, 100% used [0x04cd0000, 0x04d50000, 0x04d50000)
  to   space 512K,   0% used [0x04c50000, 0x04c50000, 0x04cd0000)
 tenured generation   total 10944K, used 1309K [0x19d50000, 0x1a800000, 0x44800000)
   the space 10944K,  11% used [0x19d50000, 0x19e97438, 0x19e97600, 0x1a800000)
 Metaspace       used 2264K, capacity 2406K, committed 2496K, reserved 4480K
Event: 0.159 GC heap after
Heap after GC invocations=2 (full 0):
 def new generation   total 4928K, used 506K [0x04800000, 0x04d50000, 0x19d50000)
  eden space 4416K,   0% used [0x04800000, 0x04800000, 0x04c50000)
  from space 512K,  98% used [0x04c50000, 0x04cceb80, 0x04cd0000)
  to   space 512K,   0% used [0x04cd0000, 0x04cd0000, 0x04d50000)
 tenured generation   total 10944K, used 2597K [0x19d50000, 0x1a800000, 0x44800000)
   the space 10944K,  23% used [0x19d50000, 0x19fd9558, 0x19fd9600, 0x1a800000)
 Metaspace       used 2264K, capacity 2406K, committed 2496K, reserved 4480K
}
Event: 0.175 GC heap before
{Heap before GC invocations=2 (full 0):
 def new generation   total 4928K, used 4773K [0x04800000, 0x04d50000, 0x19d50000)
  eden space 4416K,  96% used [0x04800000, 0x04c2aac0, 0x04c50000)
  from space 512K,  98% used [0x04c50000, 0x04cceb80, 0x04cd0000)
  to   space 512K,   0% used [0x04cd0000, 0x04cd0000, 0x04d50000)
 tenured generation   total 10944K, used 2597K [0x19d50000, 0x1a800000, 0x44800000)
   the space 10944K,  23% used [0x19d50000, 0x19fd9558, 0x19fd9600, 0x1a800000)
 Metaspace       used 2265K, capacity 2406K, committed 2496K, reserved 4480K
Event: 0.176 GC heap after
Heap after GC invocations=3 (full 0):
 def new generation   total 4928K, used 512K [0x04800000, 0x04d50000, 0x19d50000)
  eden space 4416K,   0% used [0x04800000, 0x04800000, 0x04c50000)
  from space 512K, 100% used [0x04cd0000, 0x04d50000, 0x04d50000)
  to   space 512K,   0% used [0x04c50000, 0x04c50000, 0x04cd0000)
 tenured generation   total 10944K, used 3765K [0x19d50000, 0x1a800000, 0x44800000)
   the space 10944K,  34% used [0x19d50000, 0x1a0fd7f0, 0x1a0fd800, 0x1a800000)
 Metaspace       used 2265K, capacity 2406K, committed 2496K, reserved 4480K
}
Event: 0.196 GC heap before
{Heap before GC invocations=3 (full 0):
 def new generation   total 4928K, used 4794K [0x04800000, 0x04d50000, 0x19d50000)
  eden space 4416K,  96% used [0x04800000, 0x04c2ea40, 0x04c50000)
  from space 512K, 100% used [0x04cd0000, 0x04d50000, 0x04d50000)
  to   space 512K,   0% used [0x04c50000, 0x04c50000, 0x04cd0000)
 tenured generation   total 10944K, used 3765K [0x19d50000, 0x1a800000, 0x44800000)
   the space 10944K,  34% used [0x19d50000, 0x1a0fd7f0, 0x1a0fd800, 0x1a800000)
 Metaspace       used 2265K, capacity 2406K, committed 2496K, reserved 4480K
Event: 0.197 GC heap after
Heap after GC invocations=4 (full 0):
 def new generation   total 4928K, used 512K [0x04800000, 0x04d50000, 0x19d50000)
  eden space 4416K,   0% used [0x04800000, 0x04800000, 0x04c50000)
  from space 512K, 100% used [0x04c50000, 0x04cd0000, 0x04cd0000)
  to   space 512K,   0% used [0x04cd0000, 0x04cd0000, 0x04d50000)
 tenured generation   total 10944K, used 4826K [0x19d50000, 0x1a800000, 0x44800000)
   the space 10944K,  44% used [0x19d50000, 0x1a206800, 0x1a206800, 0x1a800000)
 Metaspace       used 2265K, capacity 2406K, committed 2496K, reserved 4480K
}
Event: 0.232 GC heap before
{Heap before GC invocations=4 (full 0):
 def new generation   total 4928K, used 4921K [0x04800000, 0x04d50000, 0x19d50000)
  eden space 4416K,  99% used [0x04800000, 0x04c4e740, 0x04c50000)
  from space 512K, 100% used [0x04c50000, 0x04cd0000, 0x04cd0000)
  to   space 512K,   0% used [0x04cd0000, 0x04cd0000, 0x04d50000)
 tenured generation   total 10944K, used 10753K [0x19d50000, 0x1a800000, 0x44800000)
   the space 10944K,  98% used [0x19d50000, 0x1a7d0660, 0x1a7d0800, 0x1a800000)
 Metaspace       used 2406K, capacity 2534K, committed 2624K, reserved 4480K
Event: 0.236 GC heap after
Heap after GC invocations=5 (full 1):
 def new generation   total 9216K, used 489K [0x04800000, 0x05200000, 0x19d50000)
  eden space 8192K,   5% used [0x04800000, 0x0487a458, 0x05000000)
  from space 1024K,   0% used [0x05000000, 0x05000000, 0x05100000)
  to   space 1024K,   0% used [0x05100000, 0x05100000, 0x05200000)
 tenured generation   total 20368K, used 12219K [0x19d50000, 0x1b134000, 0x44800000)
   the space 20368K,  59% used [0x19d50000, 0x1a93eea0, 0x1a93f000, 0x1b134000)
 Metaspace       used 2406K, capacity 2534K, committed 2624K, reserved 4480K
}

