# JRE version: Java(TM) SE Runtime Environment (8.0_91-b15) (build 1.8.0_91-b15)
# Java VM: Java HotSpot(TM) Client VM (25.91-b15 mixed mode windows-x86 )
Heap:
 def new generation   total 4928K, used 4060K [0x04a00000, 0x04f50000, 0x19f50000)
  eden space 4416K,  80% used [0x04a00000, 0x04d771d0, 0x04e50000)
  from space 512K, 100% used [0x04e50000, 0x04ed0000, 0x04ed0000)
  to   space 512K,   0% used [0x04ed0000, 0x04ed0000, 0x04f50000)
 tenured generation   total 10944K, used 10364K [0x19f50000, 0x1aa00000, 0x44a00000)
   the space 10944K,  94% used [0x19f50000, 0x1a96f128, 0x1a96f200, 0x1aa00000)
 Metaspace       used 2406K, capacity 2534K, committed 2624K, reserved 4480K
GC Heap History (8 events):
Event: 0.159 GC heap before
{Heap before GC invocations=0 (full 0):
 def new generation   total 4928K, used 4380K [0x04a00000, 0x04f50000, 0x19f50000)
  eden space 4416K,  99% used [0x04a00000, 0x04e471a8, 0x04e50000)
  from space 512K,   0% used [0x04e50000, 0x04e50000, 0x04ed0000)
  to   space 512K,   0% used [0x04ed0000, 0x04ed0000, 0x04f50000)
 tenured generation   total 10944K, used 0K [0x19f50000, 0x1aa00000, 0x44a00000)
   the space 10944K,   0% used [0x19f50000, 0x19f50000, 0x19f50200, 0x1aa00000)
 Metaspace       used 2264K, capacity 2406K, committed 2496K, reserved 4480K
Event: 0.161 GC heap after
Heap after GC invocations=1 (full 0):
 def new generation   total 4928K, used 512K [0x04a00000, 0x04f50000, 0x19f50000)
  eden space 4416K,   0% used [0x04a00000, 0x04a00000, 0x04e50000)
  from space 512K, 100% used [0x04ed0000, 0x04f50000, 0x04f50000)
  to   space 512K,   0% used [0x04e50000, 0x04e50000, 0x04ed0000)
 tenured generation   total 10944K, used 1209K [0x19f50000, 0x1aa00000, 0x44a00000)
   the space 10944K,  11% used [0x19f50000, 0x1a07e488, 0x1a07e600, 0x1aa00000)
 Metaspace       used 2264K, capacity 2406K, committed 2496K, reserved 4480K
}
Event: 0.178 GC heap before
{Heap before GC invocations=1 (full 0):
 def new generation   total 4928K, used 4896K [0x04a00000, 0x04f50000, 0x19f50000)
  eden space 4416K,  99% used [0x04a00000, 0x04e48130, 0x04e50000)
  from space 512K, 100% used [0x04ed0000, 0x04f50000, 0x04f50000)
  to   space 512K,   0% used [0x04e50000, 0x04e50000, 0x04ed0000)
 tenured generation   total 10944K, used 1209K [0x19f50000, 0x1aa00000, 0x44a00000)
   the space 10944K,  11% used [0x19f50000, 0x1a07e488, 0x1a07e600, 0x1aa00000)
 Metaspace       used 2265K, capacity 2406K, committed 2496K, reserved 4480K
Event: 0.180 GC heap after
Heap after GC invocations=2 (full 0):
 def new generation   total 4928K, used 344K [0x04a00000, 0x04f50000, 0x19f50000)
  eden space 4416K,   0% used [0x04a00000, 0x04a00000, 0x04e50000)
  from space 512K,  67% used [0x04e50000, 0x04ea6358, 0x04ed0000)
  to   space 512K,   0% used [0x04ed0000, 0x04ed0000, 0x04f50000)
 tenured generation   total 10944K, used 2652K [0x19f50000, 0x1aa00000, 0x44a00000)
   the space 10944K,  24% used [0x19f50000, 0x1a1e7330, 0x1a1e7400, 0x1aa00000)
 Metaspace       used 2265K, capacity 2406K, committed 2496K, reserved 4480K
}
Event: 0.197 GC heap before
{Heap before GC invocations=2 (full 0):
 def new generation   total 4928K, used 4547K [0x04a00000, 0x04f50000, 0x19f50000)
  eden space 4416K,  95% used [0x04a00000, 0x04e1ac50, 0x04e50000)
  from space 512K,  67% used [0x04e50000, 0x04ea6358, 0x04ed0000)
  to   space 512K,   0% used [0x04ed0000, 0x04ed0000, 0x04f50000)
 tenured generation   total 10944K, used 2652K [0x19f50000, 0x1aa00000, 0x44a00000)
   the space 10944K,  24% used [0x19f50000, 0x1a1e7330, 0x1a1e7400, 0x1aa00000)
 Metaspace       used 2265K, capacity 2406K, committed 2496K, reserved 4480K
Event: 0.198 GC heap after
Heap after GC invocations=3 (full 0):
 def new generation   total 4928K, used 512K [0x04a00000, 0x04f50000, 0x19f50000)
  eden space 4416K,   0% used [0x04a00000, 0x04a00000, 0x04e50000)
  from space 512K, 100% used [0x04ed0000, 0x04f50000, 0x04f50000)
  to   space 512K,   0% used [0x04e50000, 0x04e50000, 0x04ed0000)
 tenured generation   total 10944K, used 3768K [0x19f50000, 0x1aa00000, 0x44a00000)
   the space 10944K,  34% used [0x19f50000, 0x1a2fe0f0, 0x1a2fe200, 0x1aa00000)
 Metaspace       used 2265K, capacity 2406K, committed 2496K, reserved 4480K
}
Event: 0.214 GC heap before
{Heap before GC invocations=3 (full 0):
 def new generation   total 4928K, used 4928K [0x04a00000, 0x04f50000, 0x19f50000)
  eden space 4416K, 100% used [0x04a00000, 0x04e50000, 0x04e50000)
  from space 512K, 100% used [0x04ed0000, 0x04f50000, 0x04f50000)
  to   space 512K,   0% used [0x04e50000, 0x04e50000, 0x04ed0000)
 tenured generation   total 10944K, used 3768K [0x19f50000, 0x1aa00000, 0x44a00000)
   the space 10944K,  34% used [0x19f50000, 0x1a2fe0f0, 0x1a2fe200, 0x1aa00000)
 Metaspace       used 2265K, capacity 2406K, committed 2496K, reserved 4480K
Event: 0.215 GC heap after
Heap after GC invocations=4 (full 0):
 def new generation   total 4928K, used 512K [0x04a00000, 0x04f50000, 0x19f50000)
  eden space 4416K,   0% used [0x04a00000, 0x04a00000, 0x04e50000)
  from space 512K, 100% used [0x04e50000, 0x04ed0000, 0x04ed0000)
  to   space 512K,   0% used [0x04ed0000, 0x04ed0000, 0x04f50000)
 tenured generation   total 10944K, used 4779K [0x19f50000, 0x1aa00000, 0x44a00000)
   the space 10944K,  43% used [0x19f50000, 0x1a3fac40, 0x1a3fae00, 0x1aa00000)
 Metaspace       used 2265K, capacity 2406K, committed 2496K, reserved 4480K
}

