# JRE version: Java(TM) SE Runtime Environment (8.0_101-b13) (build 1.8.0_101-b13)
# Java VM: Java HotSpot(TM) 64-Bit Server VM (25.101-b13 mixed mode windows-amd64 compressed oops)
Heap:
 PSYoungGen      total 116224K, used 42829K [0x00000000eab00000, 0x00000000fbf00000, 0x0000000100000000)
  eden space 111104K, 33% used [0x00000000eab00000,0x00000000ecfd5418,0x00000000f1780000)
  from space 5120K, 99% used [0x00000000f1780000,0x00000000f1c7e128,0x00000000f1c80000)
  to   space 49152K, 0% used [0x00000000f8f00000,0x00000000f8f00000,0x00000000fbf00000)
 ParOldGen       total 118272K, used 30060K [0x00000000c0000000, 0x00000000c7380000, 0x00000000eab00000)
  object space 118272K, 25% used [0x00000000c0000000,0x00000000c1d5b120,0x00000000c7380000)
 Metaspace       used 4695K, capacity 5464K, committed 5760K, reserved 1056768K
  class space    used 505K, capacity 528K, committed 640K, reserved 1048576K
GC Heap History (10 events):
Event: 0.341 GC heap before
{Heap before GC invocations=2 (full 0):
 PSYoungGen      total 37888K, used 37887K [0x00000000eab00000, 0x00000000ef500000, 0x0000000100000000)
  eden space 32768K, 100% used [0x00000000eab00000,0x00000000ecb00000,0x00000000ecb00000)
  from space 5120K, 99% used [0x00000000ecb00000,0x00000000ecffff70,0x00000000ed000000)
  to   space 5120K, 0% used [0x00000000ef000000,0x00000000ef000000,0x00000000ef500000)
 ParOldGen       total 86016K, used 4618K [0x00000000c0000000, 0x00000000c5400000, 0x00000000eab00000)
  object space 86016K, 5% used [0x00000000c0000000,0x00000000c0482890,0x00000000c5400000)
 Metaspace       used 3850K, capacity 4944K, committed 5120K, reserved 1056768K
  class space    used 419K, capacity 456K, committed 512K, reserved 1048576K
Event: 0.351 GC heap after
Heap after GC invocations=2 (full 0):
 PSYoungGen      total 70656K, used 5106K [0x00000000eab00000, 0x00000000ef500000, 0x0000000100000000)
  eden space 65536K, 0% used [0x00000000eab00000,0x00000000eab00000,0x00000000eeb00000)
  from space 5120K, 99% used [0x00000000ef000000,0x00000000ef4fc9a0,0x00000000ef500000)
  to   space 5120K, 0% used [0x00000000eeb00000,0x00000000eeb00000,0x00000000ef000000)
 ParOldGen       total 86016K, used 50308K [0x00000000c0000000, 0x00000000c5400000, 0x00000000eab00000)
  object space 86016K, 58% used [0x00000000c0000000,0x00000000c31212b8,0x00000000c5400000)
 Metaspace       used 3850K, capacity 4944K, committed 5120K, reserved 1056768K
  class space    used 419K, capacity 456K, committed 512K, reserved 1048576K
}
Event: 0.351 GC heap before
{Heap before GC invocations=3 (full 1):
 PSYoungGen      total 70656K, used 5106K [0x00000000eab00000, 0x00000000ef500000, 0x0000000100000000)
  eden space 65536K, 0% used [0x00000000eab00000,0x00000000eab00000,0x00000000eeb00000)
  from space 5120K, 99% used [0x00000000ef000000,0x00000000ef4fc9a0,0x00000000ef500000)
  to   space 5120K, 0% used [0x00000000eeb00000,0x00000000eeb00000,0x00000000ef000000)
 ParOldGen       total 86016K, used 50308K [0x00000000c0000000, 0x00000000c5400000, 0x00000000eab00000)
  object space 86016K, 58% used [0x00000000c0000000,0x00000000c31212b8,0x00000000c5400000)
 Metaspace       used 3850K, capacity 4944K, committed 5120K, reserved 1056768K
  class space    used 419K, capacity 456K, committed 512K, reserved 1048576K
Event: 0.357 GC heap after
Heap after GC invocations=3 (full 1):
 PSYoungGen      total 70656K, used 0K [0x00000000eab00000, 0x00000000ef500000, 0x0000000100000000)
  eden space 65536K, 0% used [0x00000000eab00000,0x00000000eab00000,0x00000000eeb00000)
  from space 5120K, 0% used [0x00000000ef000000,0x00000000ef000000,0x00000000ef500000)
  to   space 5120K, 0% used [0x00000000eeb00000,0x00000000eeb00000,0x00000000ef000000)
 ParOldGen       total 118272K, used 21185K [0x00000000c0000000, 0x00000000c7380000, 0x00000000eab00000)
  object space 118272K, 17% used [0x00000000c0000000,0x00000000c14b07d0,0x00000000c7380000)
 Metaspace       used 3850K, capacity 4944K, committed 5120K, reserved 1056768K
  class space    used 419K, capacity 456K, committed 512K, reserved 1048576K
}
Event: 0.643 GC heap before
{Heap before GC invocations=4 (full 1):
 PSYoungGen      total 70656K, used 65536K [0x00000000eab00000, 0x00000000ef500000, 0x0000000100000000)
  eden space 65536K, 100% used [0x00000000eab00000,0x00000000eeb00000,0x00000000eeb00000)
  from space 5120K, 0% used [0x00000000ef000000,0x00000000ef000000,0x00000000ef500000)
  to   space 5120K, 0% used [0x00000000eeb00000,0x00000000eeb00000,0x00000000ef000000)
 ParOldGen       total 118272K, used 21185K [0x00000000c0000000, 0x00000000c7380000, 0x00000000eab00000)
  object space 118272K, 17% used [0x00000000c0000000,0x00000000c14b07d0,0x00000000c7380000)
 Metaspace       used 4402K, capacity 5424K, committed 5632K, reserved 1056768K
  class space    used 473K, capacity 488K, committed 512K, reserved 1048576K
Event: 0.647 GC heap after
Heap after GC invocations=4 (full 1):
 PSYoungGen      total 70656K, used 3897K [0x00000000eab00000, 0x00000000f2300000, 0x0000000100000000)
  eden space 65536K, 0% used [0x00000000eab00000,0x00000000eab00000,0x00000000eeb00000)
  from space 5120K, 76% used [0x00000000eeb00000,0x00000000eeece6f8,0x00000000ef000000)
  to   space 5120K, 0% used [0x00000000f1e00000,0x00000000f1e00000,0x00000000f2300000)
 ParOldGen       total 118272K, used 21185K [0x00000000c0000000, 0x00000000c7380000, 0x00000000eab00000)
  object space 118272K, 17% used [0x00000000c0000000,0x00000000c14b07d0,0x00000000c7380000)
 Metaspace       used 4402K, capacity 5424K, committed 5632K, reserved 1056768K
  class space    used 473K, capacity 488K, committed 512K, reserved 1048576K
}
Event: 0.790 GC heap before
{Heap before GC invocations=5 (full 1):
 PSYoungGen      total 70656K, used 69433K [0x00000000eab00000, 0x00000000f2300000, 0x0000000100000000)
  eden space 65536K, 100% used [0x00000000eab00000,0x00000000eeb00000,0x00000000eeb00000)
  from space 5120K, 76% used [0x00000000eeb00000,0x00000000eeece6f8,0x00000000ef000000)
  to   space 5120K, 0% used [0x00000000f1e00000,0x00000000f1e00000,0x00000000f2300000)
 ParOldGen       total 118272K, used 21185K [0x00000000c0000000, 0x00000000c7380000, 0x00000000eab00000)
  object space 118272K, 17% used [0x00000000c0000000,0x00000000c14b07d0,0x00000000c7380000)
 Metaspace       used 4435K, capacity 5424K, committed 5632K, reserved 1056768K
  class space    used 474K, capacity 488K, committed 512K, reserved 1048576K
Event: 0.793 GC heap after
Heap after GC invocations=5 (full 1):
 PSYoungGen      total 114176K, used 3417K [0x00000000eab00000, 0x00000000f2180000, 0x0000000100000000)
  eden space 110592K, 0% used [0x00000000eab00000,0x00000000eab00000,0x00000000f1700000)
  from space 3584K, 95% used [0x00000000f1e00000,0x00000000f21566e0,0x00000000f2180000)
  to   space 5120K, 0% used [0x00000000f1780000,0x00000000f1780000,0x00000000f1c80000)
 ParOldGen       total 118272K, used 21193K [0x00000000c0000000, 0x00000000c7380000, 0x00000000eab00000)
  object space 118272K, 17% used [0x00000000c0000000,0x00000000c14b27d0,0x00000000c7380000)
 Metaspace       used 4435K, capacity 5424K, committed 5632K, reserved 1056768K
  class space    used 474K, capacity 488K, committed 512K, reserved 1048576K
}
Event: 1.031 GC heap before
{Heap before GC invocations=6 (full 1):
 PSYoungGen      total 114176K, used 114009K [0x00000000eab00000, 0x00000000f2180000, 0x0000000100000000)
  eden space 110592K, 100% used [0x00000000eab00000,0x00000000f1700000,0x00000000f1700000)
  from space 3584K, 95% used [0x00000000f1e00000,0x00000000f21566e0,0x00000000f2180000)
  to   space 5120K, 0% used [0x00000000f1780000,0x00000000f1780000,0x00000000f1c80000)
 ParOldGen       total 118272K, used 21193K [0x00000000c0000000, 0x00000000c7380000, 0x00000000eab00000)
  object space 118272K, 17% used [0x00000000c0000000,0x00000000c14b27d0,0x00000000c7380000)
 Metaspace       used 4695K, capacity 5464K, committed 5760K, reserved 1056768K
  class space    used 505K, capacity 528K, committed 640K, reserved 1048576K
Event: 1.037 GC heap after
Heap after GC invocations=6 (full 1):
 PSYoungGen      total 116224K, used 5112K [0x00000000eab00000, 0x00000000fbf00000, 0x0000000100000000)
  eden space 111104K, 0% used [0x00000000eab00000,0x00000000eab00000,0x00000000f1780000)
  from space 5120K, 99% used [0x00000000f1780000,0x00000000f1c7e128,0x00000000f1c80000)
  to   space 49152K, 0% used [0x00000000f8f00000,0x00000000f8f00000,0x00000000fbf00000)
 ParOldGen       total 118272K, used 30060K [0x00000000c0000000, 0x00000000c7380000, 0x00000000eab00000)
  object space 118272K, 25% used [0x00000000c0000000,0x00000000c1d5b120,0x00000000c7380000)
 Metaspace       used 4695K, capacity 5464K, committed 5760K, reserved 1056768K
  class space    used 505K, capacity 528K, committed 640K, reserved 1048576K
}

