# JRE version: Java(TM) SE Runtime Environment (8.0_91-b15) (build 1.8.0_91-b15)
# Java VM: Java HotSpot(TM) Client VM (25.91-b15 mixed mode windows-x86 )
Heap:
 def new generation   total 4928K, used 4654K [0x04800000, 0x04d50000, 0x19d50000)
  eden space 4416K,  96% used [0x04800000, 0x04c2be08, 0x04c50000)
  from space 512K,  74% used [0x04c50000, 0x04cafb40, 0x04cd0000)
  to   space 512K,   0% used [0x04cd0000, 0x04cd0000, 0x04d50000)
 tenured generation   total 10944K, used 10450K [0x19d50000, 0x1a800000, 0x44800000)
   the space 10944K,  95% used [0x19d50000, 0x1a784b80, 0x1a784c00, 0x1a800000)
 Metaspace       used 2406K, capacity 2534K, committed 2624K, reserved 4480K
GC Heap History (8 events):
Event: 0.150 GC heap before
{Heap before GC invocations=0 (full 0):
 def new generation   total 4928K, used 4389K [0x04800000, 0x04d50000, 0x19d50000)
  eden space 4416K,  99% used [0x04800000, 0x04c49518, 0x04c50000)
  from space 512K,   0% used [0x04c50000, 0x04c50000, 0x04cd0000)
  to   space 512K,   0% used [0x04cd0000, 0x04cd0000, 0x04d50000)
 tenured generation   total 10944K, used 0K [0x19d50000, 0x1a800000, 0x44800000)
   the space 10944K,   0% used [0x19d50000, 0x19d50000, 0x19d50200, 0x1a800000)
 Metaspace       used 2264K, capacity 2406K, committed 2496K, reserved 4480K
Event: 0.153 GC heap after
Heap after GC invocations=1 (full 0):
 def new generation   total 4928K, used 512K [0x04800000, 0x04d50000, 0x19d50000)
  eden space 4416K,   0% used [0x04800000, 0x04800000, 0x04c50000)
  from space 512K, 100% used [0x04cd0000, 0x04d50000, 0x04d50000)
  to   space 512K,   0% used [0x04c50000, 0x04c50000, 0x04cd0000)
 tenured generation   total 10944K, used 1209K [0x19d50000, 0x1a800000, 0x44800000)
   the space 10944K,  11% used [0x19d50000, 0x19e7e660, 0x19e7e800, 0x1a800000)
 Metaspace       used 2264K, capacity 2406K, committed 2496K, reserved 4480K
}
Event: 0.171 GC heap before
{Heap before GC invocations=1 (full 0):
 def new generation   total 4928K, used 4896K [0x04800000, 0x04d50000, 0x19d50000)
  eden space 4416K,  99% used [0x04800000, 0x04c48090, 0x04c50000)
  from space 512K, 100% used [0x04cd0000, 0x04d50000, 0x04d50000)
  to   space 512K,   0% used [0x04c50000, 0x04c50000, 0x04cd0000)
 tenured generation   total 10944K, used 1209K [0x19d50000, 0x1a800000, 0x44800000)
   the space 10944K,  11% used [0x19d50000, 0x19e7e660, 0x19e7e800, 0x1a800000)
 Metaspace       used 2265K, capacity 2406K, committed 2496K, reserved 4480K
Event: 0.173 GC heap after
Heap after GC invocations=2 (full 0):
 def new generation   total 4928K, used 344K [0x04800000, 0x04d50000, 0x19d50000)
  eden space 4416K,   0% used [0x04800000, 0x04800000, 0x04c50000)
  from space 512K,  67% used [0x04c50000, 0x04ca6358, 0x04cd0000)
  to   space 512K,   0% used [0x04cd0000, 0x04cd0000, 0x04d50000)
 tenured generation   total 10944K, used 2653K [0x19d50000, 0x1a800000, 0x44800000)
   the space 10944K,  24% used [0x19d50000, 0x19fe7508, 0x19fe7600, 0x1a800000)
 Metaspace       used 2265K, capacity 2406K, committed 2496K, reserved 4480K
}
Event: 0.190 GC heap before
{Heap before GC invocations=2 (full 0):
 def new generation   total 4928K, used 4717K [0x04800000, 0x04d50000, 0x19d50000)
  eden space 4416K,  99% used [0x04800000, 0x04c45130, 0x04c50000)
  from space 512K,  67% used [0x04c50000, 0x04ca6358, 0x04cd0000)
  to   space 512K,   0% used [0x04cd0000, 0x04cd0000, 0x04d50000)
 tenured generation   total 10944K, used 2653K [0x19d50000, 0x1a800000, 0x44800000)
   the space 10944K,  24% used [0x19d50000, 0x19fe7508, 0x19fe7600, 0x1a800000)
 Metaspace       used 2265K, capacity 2406K, committed 2496K, reserved 4480K
Event: 0.191 GC heap after
Heap after GC invocations=3 (full 0):
 def new generation   total 4928K, used 512K [0x04800000, 0x04d50000, 0x19d50000)
  eden space 4416K,   0% used [0x04800000, 0x04800000, 0x04c50000)
  from space 512K, 100% used [0x04cd0000, 0x04d50000, 0x04d50000)
  to   space 512K,   0% used [0x04c50000, 0x04c50000, 0x04cd0000)
 tenured generation   total 10944K, used 3788K [0x19d50000, 0x1a800000, 0x44800000)
   the space 10944K,  34% used [0x19d50000, 0x1a103180, 0x1a103200, 0x1a800000)
 Metaspace       used 2265K, capacity 2406K, committed 2496K, reserved 4480K
}
Event: 0.208 GC heap before
{Heap before GC invocations=3 (full 0):
 def new generation   total 4928K, used 4830K [0x04800000, 0x04d50000, 0x19d50000)
  eden space 4416K,  97% used [0x04800000, 0x04c379e8, 0x04c50000)
  from space 512K, 100% used [0x04cd0000, 0x04d50000, 0x04d50000)
  to   space 512K,   0% used [0x04c50000, 0x04c50000, 0x04cd0000)
 tenured generation   total 10944K, used 3788K [0x19d50000, 0x1a800000, 0x44800000)
   the space 10944K,  34% used [0x19d50000, 0x1a103180, 0x1a103200, 0x1a800000)
 Metaspace       used 2265K, capacity 2406K, committed 2496K, reserved 4480K
Event: 0.208 GC heap after
Heap after GC invocations=4 (full 0):
 def new generation   total 4928K, used 382K [0x04800000, 0x04d50000, 0x19d50000)
  eden space 4416K,   0% used [0x04800000, 0x04800000, 0x04c50000)
  from space 512K,  74% used [0x04c50000, 0x04cafb40, 0x04cd0000)
  to   space 512K,   0% used [0x04cd0000, 0x04cd0000, 0x04d50000)
 tenured generation   total 10944K, used 4813K [0x19d50000, 0x1a800000, 0x44800000)
   the space 10944K,  43% used [0x19d50000, 0x1a203548, 0x1a203600, 0x1a800000)
 Metaspace       used 2265K, capacity 2406K, committed 2496K, reserved 4480K
}

